<?xml version="1.0" encoding="UTF-8"?><testsuite errors="2" failures="0" name="HU-002 Buscador SportLine" skipped="0" tests="2" time="77.73" timestamp="2021-12-17 12:38:36"><testcase name="Buscar un producto y seleccionar el primer producto que aparezca"><error message="Arity mismatch: Step Definition 'stepsDefinitions.SportLineIniciarSesionStepDefinitions.envioElNombreDelUsuarioYContrasena(String,String) in file:/C:/Users/ADRIANA/IdeaProjects/RetoSportLine_2/build/classes/java/test/' with pattern [^envio el nombre del usuario y contrasena$] is declared with 2 parameters. However, the gherkin step has 0 arguments []. &#10;Step text: envio el nombre del usuario y contrasena" type="cucumber.runtime.CucumberException">Arity mismatch: Step Definition 'stepsDefinitions.SportLineIniciarSesionStepDefinitions.envioElNombreDelUsuarioYContrasena(String,String) in file:/C:/Users/ADRIANA/IdeaProjects/RetoSportLine_2/build/classes/java/test/' with pattern [^envio el nombre del usuario y contrasena$] is declared with 2 parameters. However, the gherkin step has 0 arguments []. 
Step text: envio el nombre del usuario y contrasena</error><system-err>Arity mismatch: Step Definition 'stepsDefinitions.SportLineIniciarSesionStepDefinitions.envioElNombreDelUsuarioYContrasena(String,String) in file:/C:/Users/ADRIANA/IdeaProjects/RetoSportLine_2/build/classes/java/test/' with pattern [^envio el nombre del usuario y contrasena$] is declared with 2 parameters. However, the gherkin step has 0 arguments []. 
Step text: envio el nombre del usuario y contrasena&#13;
cucumber.runner.Runner.runPickle(Runner.java:80)&#13;
</system-err></testcase><testcase name="Visualizar el producto y anexarlo al carrito de compra"><error message="Arity mismatch: Step Definition 'stepsDefinitions.SportLineIniciarSesionStepDefinitions.envioElNombreDelUsuarioYContrasena(String,String) in file:/C:/Users/ADRIANA/IdeaProjects/RetoSportLine_2/build/classes/java/test/' with pattern [^envio el nombre del usuario y contrasena$] is declared with 2 parameters. However, the gherkin step has 0 arguments []. &#10;Step text: envio el nombre del usuario y contrasena" type="cucumber.runtime.CucumberException">Arity mismatch: Step Definition 'stepsDefinitions.SportLineIniciarSesionStepDefinitions.envioElNombreDelUsuarioYContrasena(String,String) in file:/C:/Users/ADRIANA/IdeaProjects/RetoSportLine_2/build/classes/java/test/' with pattern [^envio el nombre del usuario y contrasena$] is declared with 2 parameters. However, the gherkin step has 0 arguments []. 
Step text: envio el nombre del usuario y contrasena</error><system-err>Arity mismatch: Step Definition 'stepsDefinitions.SportLineIniciarSesionStepDefinitions.envioElNombreDelUsuarioYContrasena(String,String) in file:/C:/Users/ADRIANA/IdeaProjects/RetoSportLine_2/build/classes/java/test/' with pattern [^envio el nombre del usuario y contrasena$] is declared with 2 parameters. However, the gherkin step has 0 arguments []. 
Step text: envio el nombre del usuario y contrasena&#13;
cucumber.runner.Runner.runPickle(Runner.java:80)&#13;
</system-err></testcase></testsuite>